# JRE version: OpenJDK Runtime Environment (23.0.1+11) (build 23.0.1+11-39)
# Java VM: OpenJDK 64-Bit Server VM (23.0.1+11-39, mixed mode, sharing, tiered, compressed oops, compressed class ptrs, g1 gc, windows-amd64)
GC Precious Log:
 CardTable entry size: 512
 Card Set container configuration: InlinePtr #cards 5 size 8 Array Of Cards #cards 10 size 36 Howl #buckets 4 coarsen threshold 1843 Howl Bitmap #cards 512 size 80 coarsen threshold 460 Card regions per heap region 1 cards per card region 2048
 CPUs: 12 total, 12 available
 Memory: 8054M
 Large Page Support: Disabled
 NUMA Support: Disabled
 Compressed Oops: Enabled (32-bit)
 Heap Region Size: 1M
 Heap Min Capacity: 8M
 Heap Initial Capacity: 126M
 Heap Max Capacity: 2014M
 Pre-touch: Disabled
 Parallel Workers: 10
 Concurrent Workers: 3
 Concurrent Refinement Workers: 10
 Periodic GC: Disabled
Heap:
 garbage-first heap   total reserved 2062336K, committed 260096K, used 169935K [0x0000000082200000, 0x0000000100000000)
  region size 1024K, 17 young (17408K), 1 survivors (1024K)
 Metaspace       used 20318K, committed 20672K, reserved 1114112K
  class space    used 2937K, committed 3072K, reserved 1048576K
GC Heap History (18 events):
Event: 2.012 GC heap before
{Heap before GC invocations=0 (full 0):
 garbage-first heap   total reserved 2062336K, committed 129024K, used 23552K [0x0000000082200000, 0x0000000100000000)
  region size 1024K, 24 young (24576K), 0 survivors (0K)
 Metaspace       used 4859K, committed 5120K, reserved 1114112K
  class space    used 542K, committed 640K, reserved 1048576K
}
Event: 2.025 GC heap after
{Heap after GC invocations=1 (full 0):
 garbage-first heap   total reserved 2062336K, committed 129024K, used 3466K [0x0000000082200000, 0x0000000100000000)
  region size 1024K, 3 young (3072K), 3 survivors (3072K)
 Metaspace       used 4859K, committed 5120K, reserved 1114112K
  class space    used 542K, committed 640K, reserved 1048576K
}
Event: 3.767 GC heap before
{Heap before GC invocations=1 (full 0):
 garbage-first heap   total reserved 2062336K, committed 129024K, used 64906K [0x0000000082200000, 0x0000000100000000)
  region size 1024K, 10 young (10240K), 3 survivors (3072K)
 Metaspace       used 6135K, committed 6336K, reserved 1114112K
  class space    used 729K, committed 832K, reserved 1048576K
}
Event: 3.777 GC heap after
{Heap after GC invocations=2 (full 0):
 garbage-first heap   total reserved 2062336K, committed 129024K, used 61274K [0x0000000082200000, 0x0000000100000000)
  region size 1024K, 2 young (2048K), 2 survivors (2048K)
 Metaspace       used 6135K, committed 6336K, reserved 1114112K
  class space    used 729K, committed 832K, reserved 1048576K
}
Event: 3.868 GC heap before
{Heap before GC invocations=3 (full 0):
 garbage-first heap   total reserved 2062336K, committed 129024K, used 62298K [0x0000000082200000, 0x0000000100000000)
  region size 1024K, 3 young (3072K), 2 survivors (2048K)
 Metaspace       used 6139K, committed 6400K, reserved 1114112K
  class space    used 729K, committed 832K, reserved 1048576K
}
Event: 3.873 GC heap after
{Heap after GC invocations=4 (full 0):
 garbage-first heap   total reserved 2062336K, committed 129024K, used 62315K [0x0000000082200000, 0x0000000100000000)
  region size 1024K, 2 young (2048K), 2 survivors (2048K)
 Metaspace       used 6139K, committed 6400K, reserved 1114112K
  class space    used 729K, committed 832K, reserved 1048576K
}
Event: 5.648 GC heap before
{Heap before GC invocations=5 (full 0):
 garbage-first heap   total reserved 2062336K, committed 136192K, used 133995K [0x0000000082200000, 0x0000000100000000)
  region size 1024K, 11 young (11264K), 2 survivors (2048K)
 Metaspace       used 6243K, committed 6464K, reserved 1114112K
  class space    used 733K, committed 832K, reserved 1048576K
}
Event: 5.662 GC heap after
{Heap after GC invocations=6 (full 0):
 garbage-first heap   total reserved 2062336K, committed 145408K, used 134042K [0x0000000082200000, 0x0000000100000000)
  region size 1024K, 6 young (6144K), 6 survivors (6144K)
 Metaspace       used 6243K, committed 6464K, reserved 1114112K
  class space    used 733K, committed 832K, reserved 1048576K
}
Event: 5.678 GC heap before
{Heap before GC invocations=6 (full 0):
 garbage-first heap   total reserved 2062336K, committed 145408K, used 134042K [0x0000000082200000, 0x0000000100000000)
  region size 1024K, 7 young (7168K), 6 survivors (6144K)
 Metaspace       used 6248K, committed 6464K, reserved 1114112K
  class space    used 733K, committed 832K, reserved 1048576K
}
Event: 5.684 GC heap after
{Heap after GC invocations=7 (full 0):
 garbage-first heap   total reserved 2062336K, committed 145408K, used 134591K [0x0000000082200000, 0x0000000100000000)
  region size 1024K, 1 young (1024K), 1 survivors (1024K)
 Metaspace       used 6248K, committed 6464K, reserved 1114112K
  class space    used 733K, committed 832K, reserved 1048576K
}
Event: 6.351 GC heap before
{Heap before GC invocations=7 (full 0):
 garbage-first heap   total reserved 2062336K, committed 145408K, used 139711K [0x0000000082200000, 0x0000000100000000)
  region size 1024K, 7 young (7168K), 1 survivors (1024K)
 Metaspace       used 8659K, committed 8896K, reserved 1114112K
  class space    used 1058K, committed 1152K, reserved 1048576K
}
Event: 6.354 GC heap after
{Heap after GC invocations=8 (full 0):
 garbage-first heap   total reserved 2062336K, committed 145408K, used 135643K [0x0000000082200000, 0x0000000100000000)
  region size 1024K, 1 young (1024K), 1 survivors (1024K)
 Metaspace       used 8659K, committed 8896K, reserved 1114112K
  class space    used 1058K, committed 1152K, reserved 1048576K
}
Event: 6.609 GC heap before
{Heap before GC invocations=9 (full 0):
 garbage-first heap   total reserved 2062336K, committed 227328K, used 147931K [0x0000000082200000, 0x0000000100000000)
  region size 1024K, 7 young (7168K), 1 survivors (1024K)
 Metaspace       used 10214K, committed 10496K, reserved 1114112K
  class space    used 1318K, committed 1472K, reserved 1048576K
}
Event: 6.612 GC heap after
{Heap after GC invocations=10 (full 0):
 garbage-first heap   total reserved 2062336K, committed 227328K, used 143738K [0x0000000082200000, 0x0000000100000000)
  region size 1024K, 1 young (1024K), 1 survivors (1024K)
 Metaspace       used 10214K, committed 10496K, reserved 1114112K
  class space    used 1318K, committed 1472K, reserved 1048576K
}
Event: 19.037 GC heap before
{Heap before GC invocations=10 (full 0):
 garbage-first heap   total reserved 2062336K, committed 227328K, used 194938K [0x0000000082200000, 0x0000000100000000)
  region size 1024K, 50 young (51200K), 1 survivors (1024K)
 Metaspace       used 18962K, committed 19328K, reserved 1114112K
  class space    used 2792K, committed 2944K, reserved 1048576K
}
Event: 19.048 GC heap after
{Heap after GC invocations=11 (full 0):
 garbage-first heap   total reserved 2062336K, committed 227328K, used 151126K [0x0000000082200000, 0x0000000100000000)
  region size 1024K, 7 young (7168K), 7 survivors (7168K)
 Metaspace       used 18962K, committed 19328K, reserved 1114112K
  class space    used 2792K, committed 2944K, reserved 1048576K
}
Event: 19.187 GC heap before
{Heap before GC invocations=11 (full 0):
 garbage-first heap   total reserved 2062336K, committed 227328K, used 152150K [0x0000000082200000, 0x0000000100000000)
  region size 1024K, 9 young (9216K), 7 survivors (7168K)
 Metaspace       used 19033K, committed 19392K, reserved 1114112K
  class space    used 2795K, committed 2944K, reserved 1048576K
}
Event: 19.196 GC heap after
{Heap after GC invocations=12 (full 0):
 garbage-first heap   total reserved 2062336K, committed 227328K, used 151503K [0x0000000082200000, 0x0000000100000000)
  region size 1024K, 1 young (1024K), 1 survivors (1024K)
 Metaspace       used 19033K, committed 19392K, reserved 1114112K
  class space    used 2795K, committed 2944K, reserved 1048576K
}

