# JRE version: OpenJDK Runtime Environment (23.0.1+11) (build 23.0.1+11-39)
# Java VM: OpenJDK 64-Bit Server VM (23.0.1+11-39, mixed mode, sharing, tiered, compressed oops, compressed class ptrs, g1 gc, windows-amd64)
GC Precious Log:
 CardTable entry size: 512
 Card Set container configuration: InlinePtr #cards 5 size 8 Array Of Cards #cards 10 size 36 Howl #buckets 4 coarsen threshold 1843 Howl Bitmap #cards 512 size 80 coarsen threshold 460 Card regions per heap region 1 cards per card region 2048
 CPUs: 12 total, 12 available
 Memory: 8054M
 Large Page Support: Disabled
 NUMA Support: Disabled
 Compressed Oops: Enabled (32-bit)
 Heap Region Size: 1M
 Heap Min Capacity: 8M
 Heap Initial Capacity: 126M
 Heap Max Capacity: 2014M
 Pre-touch: Disabled
 Parallel Workers: 10
 Concurrent Workers: 3
 Concurrent Refinement Workers: 10
 Periodic GC: Disabled
Heap:
 garbage-first heap   total reserved 2062336K, committed 132096K, used 82701K [0x0000000082200000, 0x0000000100000000)
  region size 1024K, 4 young (4096K), 3 survivors (3072K)
 Metaspace       used 6136K, committed 6336K, reserved 1114112K
  class space    used 731K, committed 832K, reserved 1048576K
GC Heap History (20 events):
Event: 1.948 GC heap before
{Heap before GC invocations=0 (full 0):
 garbage-first heap   total reserved 2062336K, committed 129024K, used 23552K [0x0000000082200000, 0x0000000100000000)
  region size 1024K, 24 young (24576K), 0 survivors (0K)
 Metaspace       used 4853K, committed 5120K, reserved 1114112K
  class space    used 542K, committed 640K, reserved 1048576K
}
Event: 1.960 GC heap after
{Heap after GC invocations=1 (full 0):
 garbage-first heap   total reserved 2062336K, committed 129024K, used 3405K [0x0000000082200000, 0x0000000100000000)
  region size 1024K, 3 young (3072K), 3 survivors (3072K)
 Metaspace       used 4853K, committed 5120K, reserved 1114112K
  class space    used 542K, committed 640K, reserved 1048576K
}
Event: 2.762 GC heap before
{Heap before GC invocations=1 (full 0):
 garbage-first heap   total reserved 2062336K, committed 129024K, used 65869K [0x0000000082200000, 0x0000000100000000)
  region size 1024K, 10 young (10240K), 3 survivors (3072K)
 Metaspace       used 6131K, committed 6336K, reserved 1114112K
  class space    used 729K, committed 832K, reserved 1048576K
}
Event: 2.769 GC heap after
{Heap after GC invocations=2 (full 0):
 garbage-first heap   total reserved 2062336K, committed 129024K, used 61270K [0x0000000082200000, 0x0000000100000000)
  region size 1024K, 2 young (2048K), 2 survivors (2048K)
 Metaspace       used 6131K, committed 6336K, reserved 1114112K
  class space    used 729K, committed 832K, reserved 1048576K
}
Event: 2.784 GC heap before
{Heap before GC invocations=3 (full 0):
 garbage-first heap   total reserved 2062336K, committed 129024K, used 62294K [0x0000000082200000, 0x0000000100000000)
  region size 1024K, 3 young (3072K), 2 survivors (2048K)
 Metaspace       used 6135K, committed 6336K, reserved 1114112K
  class space    used 729K, committed 832K, reserved 1048576K
}
Event: 2.787 GC heap after
{Heap after GC invocations=4 (full 0):
 garbage-first heap   total reserved 2062336K, committed 129024K, used 62178K [0x0000000082200000, 0x0000000100000000)
  region size 1024K, 2 young (2048K), 2 survivors (2048K)
 Metaspace       used 6135K, committed 6336K, reserved 1114112K
  class space    used 729K, committed 832K, reserved 1048576K
}
Event: 2.932 GC heap before
{Heap before GC invocations=5 (full 0):
 garbage-first heap   total reserved 2062336K, committed 129024K, used 68322K [0x0000000082200000, 0x0000000100000000)
  region size 1024K, 3 young (3072K), 2 survivors (2048K)
 Metaspace       used 6135K, committed 6336K, reserved 1114112K
  class space    used 730K, committed 832K, reserved 1048576K
}
Event: 2.936 GC heap after
{Heap after GC invocations=6 (full 0):
 garbage-first heap   total reserved 2062336K, committed 129024K, used 68443K [0x0000000082200000, 0x0000000100000000)
  region size 1024K, 2 young (2048K), 2 survivors (2048K)
 Metaspace       used 6135K, committed 6336K, reserved 1114112K
  class space    used 730K, committed 832K, reserved 1048576K
}
Event: 2.989 GC heap before
{Heap before GC invocations=7 (full 0):
 garbage-first heap   total reserved 2062336K, committed 129024K, used 72539K [0x0000000082200000, 0x0000000100000000)
  region size 1024K, 3 young (3072K), 2 survivors (2048K)
 Metaspace       used 6135K, committed 6336K, reserved 1114112K
  class space    used 730K, committed 832K, reserved 1048576K
}
Event: 2.994 GC heap after
{Heap after GC invocations=8 (full 0):
 garbage-first heap   total reserved 2062336K, committed 129024K, used 72604K [0x0000000082200000, 0x0000000100000000)
  region size 1024K, 2 young (2048K), 2 survivors (2048K)
 Metaspace       used 6135K, committed 6336K, reserved 1114112K
  class space    used 730K, committed 832K, reserved 1048576K
}
Event: 3.029 GC heap before
{Heap before GC invocations=9 (full 0):
 garbage-first heap   total reserved 2062336K, committed 129024K, used 73628K [0x0000000082200000, 0x0000000100000000)
  region size 1024K, 3 young (3072K), 2 survivors (2048K)
 Metaspace       used 6136K, committed 6336K, reserved 1114112K
  class space    used 731K, committed 832K, reserved 1048576K
}
Event: 3.033 GC heap after
{Heap after GC invocations=10 (full 0):
 garbage-first heap   total reserved 2062336K, committed 129024K, used 73890K [0x0000000082200000, 0x0000000100000000)
  region size 1024K, 2 young (2048K), 2 survivors (2048K)
 Metaspace       used 6136K, committed 6336K, reserved 1114112K
  class space    used 731K, committed 832K, reserved 1048576K
}
Event: 3.058 GC heap before
{Heap before GC invocations=11 (full 0):
 garbage-first heap   total reserved 2062336K, committed 129024K, used 74914K [0x0000000082200000, 0x0000000100000000)
  region size 1024K, 3 young (3072K), 2 survivors (2048K)
 Metaspace       used 6136K, committed 6336K, reserved 1114112K
  class space    used 731K, committed 832K, reserved 1048576K
}
Event: 3.062 GC heap after
{Heap after GC invocations=12 (full 0):
 garbage-first heap   total reserved 2062336K, committed 129024K, used 74805K [0x0000000082200000, 0x0000000100000000)
  region size 1024K, 2 young (2048K), 2 survivors (2048K)
 Metaspace       used 6136K, committed 6336K, reserved 1114112K
  class space    used 731K, committed 832K, reserved 1048576K
}
Event: 3.095 GC heap before
{Heap before GC invocations=13 (full 0):
 garbage-first heap   total reserved 2062336K, committed 129024K, used 75829K [0x0000000082200000, 0x0000000100000000)
  region size 1024K, 3 young (3072K), 2 survivors (2048K)
 Metaspace       used 6136K, committed 6336K, reserved 1114112K
  class space    used 731K, committed 832K, reserved 1048576K
}
Event: 3.100 GC heap after
{Heap after GC invocations=14 (full 0):
 garbage-first heap   total reserved 2062336K, committed 129024K, used 75917K [0x0000000082200000, 0x0000000100000000)
  region size 1024K, 2 young (2048K), 2 survivors (2048K)
 Metaspace       used 6136K, committed 6336K, reserved 1114112K
  class space    used 731K, committed 832K, reserved 1048576K
}
Event: 3.128 GC heap before
{Heap before GC invocations=15 (full 0):
 garbage-first heap   total reserved 2062336K, committed 130048K, used 76941K [0x0000000082200000, 0x0000000100000000)
  region size 1024K, 3 young (3072K), 2 survivors (2048K)
 Metaspace       used 6136K, committed 6336K, reserved 1114112K
  class space    used 731K, committed 832K, reserved 1048576K
}
Event: 3.133 GC heap after
{Heap after GC invocations=16 (full 0):
 garbage-first heap   total reserved 2062336K, committed 130048K, used 76844K [0x0000000082200000, 0x0000000100000000)
  region size 1024K, 2 young (2048K), 2 survivors (2048K)
 Metaspace       used 6136K, committed 6336K, reserved 1114112K
  class space    used 731K, committed 832K, reserved 1048576K
}
Event: 3.186 GC heap before
{Heap before GC invocations=17 (full 0):
 garbage-first heap   total reserved 2062336K, committed 132096K, used 77868K [0x0000000082200000, 0x0000000100000000)
  region size 1024K, 3 young (3072K), 2 survivors (2048K)
 Metaspace       used 6136K, committed 6336K, reserved 1114112K
  class space    used 731K, committed 832K, reserved 1048576K
}
Event: 3.190 GC heap after
{Heap after GC invocations=18 (full 0):
 garbage-first heap   total reserved 2062336K, committed 132096K, used 78605K [0x0000000082200000, 0x0000000100000000)
  region size 1024K, 3 young (3072K), 3 survivors (3072K)
 Metaspace       used 6136K, committed 6336K, reserved 1114112K
  class space    used 731K, committed 832K, reserved 1048576K
}

